<?xml version="1.0" encoding="UTF-8"?>
<testng-results skipped="0" failed="0" ignored="0" total="3" passed="3">
  <reporter-output>
  </reporter-output>
  <suite name="Suite" duration-ms="67012" started-at="2021-09-12T20:25:52 IST" finished-at="2021-09-12T20:26:59 IST">
    <groups>
    </groups>
    <test name="Test" duration-ms="67012" started-at="2021-09-12T20:25:52 IST" finished-at="2021-09-12T20:26:59 IST">
      <class name="runner.Tests">
        <test-method status="PASS" signature="getTestData()[pri:0, instance:runner.Tests@b51256]" name="getTestData" is-config="true" duration-ms="771" started-at="2021-09-12T20:25:52 IST" finished-at="2021-09-12T20:25:52 IST">
          <reporter-output>
          </reporter-output>
        </test-method> <!-- getTestData -->
        <test-method status="PASS" signature="driverlaunch()[pri:0, instance:runner.Tests@b51256]" name="driverlaunch" is-config="true" duration-ms="2045" started-at="2021-09-12T20:25:52 IST" finished-at="2021-09-12T20:25:54 IST">
          <reporter-output>
          </reporter-output>
        </test-method> <!-- driverlaunch -->
        <test-method status="PASS" signature="searchflight(java.lang.String,java.lang.String)[pri:1, instance:runner.Tests@b51256]" name="searchflight" duration-ms="57282" started-at="2021-09-12T20:25:54 IST" data-provider="getTestData" finished-at="2021-09-12T20:26:52 IST">
          <params>
            <param index="0">
              <value>
                <![CDATA[Bangalore]]>
              </value>
            </param>
            <param index="1">
              <value>
                <![CDATA[Mumbai]]>
              </value>
            </param>
          </params>
          <reporter-output>
          </reporter-output>
        </test-method> <!-- searchflight -->
        <test-method status="PASS" signature="Verify()[pri:2, instance:runner.Tests@b51256]" name="Verify" duration-ms="1977" started-at="2021-09-12T20:26:52 IST" finished-at="2021-09-12T20:26:54 IST">
          <reporter-output>
          </reporter-output>
        </test-method> <!-- Verify -->
        <test-method status="PASS" signature="title()[pri:3, instance:runner.Tests@b51256]" name="title" duration-ms="4834" started-at="2021-09-12T20:26:54 IST" finished-at="2021-09-12T20:26:59 IST">
          <reporter-output>
          </reporter-output>
        </test-method> <!-- title -->
      </class> <!-- runner.Tests -->
    </test> <!-- Test -->
  </suite> <!-- Suite -->
</testng-results>
