<?xml version="1.0" encoding="UTF-8"?>
<testsuite xmlns:xsi="http://www.w3.org/2001/XMLSchema-instance" xsi:noNamespaceSchemaLocation="https://maven.apache.org/surefire/maven-surefire-plugin/xsd/surefire-test-report-3.0.xsd" version="3.0" name="TestSuite" time="67.912" tests="3" errors="0" skipped="0" failures="0">
  <properties>
[...]
</properties>
  <testcase name="searchflight[Bangalore, Mumbai](1)" classname="runner.Tests" time="57.25">
    <system-out><![CDATA[16 Sep' 21
]]></system-out>
    <system-err><![CDATA[Starting ChromeDriver 92.0.4515.107 (87a818b10553a07434ea9e2b6dccf3cbe7895134-refs/branch-heads/4515@{#1634}) on port 15917
Only local connections are allowed.
Please see https://chromedriver.chromium.org/security-considerations for suggestions on keeping ChromeDriver safe.
ChromeDriver was started successfully.
[1631458554.677][WARNING]: This version of ChromeDriver has not been tested with Chrome version 93.
Sep 12, 2021 8:25:54 PM org.openqa.selenium.remote.ProtocolHandshake createSession
INFO: Detected dialect: W3C
]]></system-err>
  </testcase>
  <testcase name="Verify" classname="runner.Tests" time="1.976"/>
  <testcase name="title" classname="runner.Tests" time="4.837">
    <system-out><![CDATA[Title valid successfully
]]></system-out>
  </testcase>
</testsuite>